\BOOKMARK [0][-]{chapter.1}{\376\377\000I\000n\000t\000r\000o\000d\000u\000c\000t\000i\000o\000n}{}% 1
\BOOKMARK [0][-]{chapter.2}{\376\377\000L\000i\000t\000e\000r\000a\000t\000u\000r\000e\000\040\000R\000e\000v\000i\000e\000w}{}% 2
\BOOKMARK [1][-]{section.2.1}{\376\377\000S\000t\000a\000t\000e\000\040\000o\000f\000\040\000t\000h\000e\000\040\000A\000r\000t}{chapter.2}% 3
\BOOKMARK [2][-]{subsection.2.1.1}{\376\377\000M\000o\000d\000e\000l\000\040\000P\000r\000e\000d\000i\000c\000t\000i\000v\000e\000\040\000C\000o\000n\000t\000r\000o\000l\000\040\000f\000o\000r\000\040\000W\000h\000e\000e\000l\000e\000d\000\040\000I\000n\000v\000e\000r\000t\000e\000d\000\040\000P\000e\000n\000d\000u\000l\000u\000m\000\040\000S\000y\000s\000t\000e\000m\000s}{section.2.1}% 4
\BOOKMARK [2][-]{subsection.2.1.2}{\376\377\000A\000d\000a\000p\000t\000i\000v\000e\000\040\000M\000o\000d\000e\000l\000\040\000P\000r\000e\000d\000i\000c\000t\000i\000v\000e\000\040\000C\000o\000n\000t\000r\000o\000l\000\040\000a\000n\000d\000\040\000P\000a\000r\000a\000m\000e\000t\000e\000r\000-\000V\000a\000r\000y\000i\000n\000g\000\040\000F\000o\000r\000m\000u\000l\000a\000t\000i\000o\000n\000s}{section.2.1}% 5
\BOOKMARK [2][-]{subsection.2.1.3}{\376\377\000D\000i\000s\000t\000u\000r\000b\000a\000n\000c\000e\000\040\000O\000b\000s\000e\000r\000v\000a\000t\000i\000o\000n\000\040\000a\000n\000d\000\040\000R\000e\000a\000l\000-\000T\000i\000m\000e\000\040\000P\000a\000r\000a\000m\000e\000t\000e\000r\000\040\000E\000s\000t\000i\000m\000a\000t\000i\000o\000n}{section.2.1}% 6
\BOOKMARK [2][-]{subsection.2.1.4}{\376\377\000A\000d\000a\000p\000t\000i\000v\000e\000\040\000C\000o\000n\000t\000r\000o\000l\000\040\000S\000t\000r\000a\000t\000e\000g\000i\000e\000s\000\040\000f\000o\000r\000\040\000V\000a\000r\000i\000a\000b\000l\000e\000\040\000P\000a\000y\000l\000o\000a\000d\000s}{section.2.1}% 7
\BOOKMARK [2][-]{subsection.2.1.5}{\376\377\000P\000h\000y\000s\000i\000c\000a\000l\000\040\000H\000u\000m\000a\000n\040\023\000R\000o\000b\000o\000t\000\040\000I\000n\000t\000e\000r\000a\000c\000t\000i\000o\000n\000\040\000a\000n\000d\000\040\000C\000o\000m\000p\000l\000i\000a\000n\000c\000e\000\040\000C\000o\000n\000t\000r\000o\000l}{section.2.1}% 8
\BOOKMARK [2][-]{subsection.2.1.6}{\376\377\000C\000o\000l\000l\000i\000s\000i\000o\000n\000\040\000D\000e\000t\000e\000c\000t\000i\000o\000n\000\040\000a\000n\000d\000\040\000S\000a\000f\000e\000t\000y\000-\000C\000r\000i\000t\000i\000c\000a\000l\000\040\000C\000o\000n\000t\000r\000o\000l}{section.2.1}% 9
\BOOKMARK [2][-]{subsection.2.1.7}{\376\377\000C\000o\000o\000p\000e\000r\000a\000t\000i\000v\000e\000\040\000T\000r\000a\000n\000s\000p\000o\000r\000t\000a\000t\000i\000o\000n\000\040\000a\000n\000d\000\040\000F\000o\000r\000c\000e\000\040\000C\000o\000n\000t\000r\000o\000l}{section.2.1}% 10
\BOOKMARK [2][-]{subsection.2.1.8}{\376\377\000S\000u\000m\000m\000a\000r\000y\000\040\000a\000n\000d\000\040\000P\000o\000s\000i\000t\000i\000o\000n\000i\000n\000g}{section.2.1}% 11
\BOOKMARK [1][-]{section.2.2}{\376\377\000P\000r\000e\000v\000i\000o\000u\000s\000\040\000W\000o\000r\000k}{chapter.2}% 12
\BOOKMARK [0][-]{chapter.3}{\376\377\000O\000b\000j\000e\000c\000t\000i\000v\000e\000s}{}% 13
\BOOKMARK [1][-]{section.3.1}{\376\377\000R\000e\000s\000e\000a\000r\000c\000h\000\040\000M\000o\000t\000i\000v\000a\000t\000i\000o\000n}{chapter.3}% 14
\BOOKMARK [1][-]{section.3.2}{\376\377\000R\000e\000s\000e\000a\000r\000c\000h\000\040\000O\000b\000j\000e\000c\000t\000i\000v\000e\000s}{chapter.3}% 15
\BOOKMARK [1][-]{section.3.3}{\376\377\000S\000c\000o\000p\000e\000\040\000a\000n\000d\000\040\000L\000i\000m\000i\000t\000a\000t\000i\000o\000n\000s}{chapter.3}% 16
\BOOKMARK [0][-]{chapter.4}{\376\377\000A\000p\000p\000r\000o\000a\000c\000h\000\040\000a\000n\000d\000\040\000m\000e\000t\000h\000o\000d\000o\000l\000o\000g\000y}{}% 17
\BOOKMARK [1][-]{section.4.1}{\376\377\000O\000v\000e\000r\000a\000l\000l\000\040\000R\000e\000s\000e\000a\000r\000c\000h\000\040\000A\000p\000p\000r\000o\000a\000c\000h}{chapter.4}% 18
\BOOKMARK [2][-]{subsection.4.1.1}{\376\377\000S\000y\000s\000t\000e\000m\000\040\000A\000n\000a\000l\000y\000s\000i\000s\000\040\000a\000n\000d\000\040\000M\000o\000d\000e\000l\000i\000n\000g}{section.4.1}% 19
\BOOKMARK [2][-]{subsection.4.1.2}{\376\377\000C\000o\000n\000t\000r\000o\000l\000\040\000A\000r\000c\000h\000i\000t\000e\000c\000t\000u\000r\000e\000\040\000D\000e\000s\000i\000g\000n}{section.4.1}% 20
\BOOKMARK [2][-]{subsection.4.1.3}{\376\377\000S\000a\000f\000e\000t\000y\000\040\000a\000n\000d\000\040\000I\000n\000t\000e\000r\000a\000c\000t\000i\000o\000n\000\040\000M\000a\000n\000a\000g\000e\000m\000e\000n\000t}{section.4.1}% 21
\BOOKMARK [2][-]{subsection.4.1.4}{\376\377\000I\000m\000p\000l\000e\000m\000e\000n\000t\000a\000t\000i\000o\000n\000\040\000a\000n\000d\000\040\000C\000o\000m\000p\000u\000t\000a\000t\000i\000o\000n\000a\000l\000\040\000F\000r\000a\000m\000e\000w\000o\000r\000k}{section.4.1}% 22
\BOOKMARK [2][-]{subsection.4.1.5}{\376\377\000V\000a\000l\000i\000d\000a\000t\000i\000o\000n\000\040\000a\000n\000d\000\040\000P\000e\000r\000f\000o\000r\000m\000a\000n\000c\000e\000\040\000A\000s\000s\000e\000s\000s\000m\000e\000n\000t}{section.4.1}% 23
\BOOKMARK [1][-]{section.4.2}{\376\377\000M\000e\000t\000h\000o\000d\000o\000l\000o\000g\000i\000c\000a\000l\000\040\000C\000o\000n\000s\000i\000d\000e\000r\000a\000t\000i\000o\000n\000s}{chapter.4}% 24
\BOOKMARK [0][-]{chapter.5}{\376\377\000S\000y\000t\000e\000m\000\040\000M\000o\000d\000e\000l\000i\000n\000g}{}% 25
\BOOKMARK [1][-]{section.5.1}{\376\377\000P\000r\000o\000b\000l\000e\000m\000\040\000D\000e\000s\000c\000r\000i\000p\000t\000i\000o\000n}{chapter.5}% 26
\BOOKMARK [1][-]{section.5.2}{\376\377\000D\000y\000n\000a\000m\000i\000c\000\040\000M\000o\000d\000e\000l\000\040\000D\000e\000r\000i\000v\000a\000t\000i\000o\000n}{chapter.5}% 27
\BOOKMARK [1][-]{section.5.3}{\376\377\000C\000o\000o\000r\000d\000i\000n\000a\000t\000e\000\040\000F\000r\000a\000m\000e\000s\000\040\000a\000n\000d\000\040\000G\000e\000n\000e\000r\000a\000l\000i\000z\000e\000d\000\040\000C\000o\000o\000r\000d\000i\000n\000a\000t\000e\000s}{chapter.5}% 28
\BOOKMARK [2][-]{subsection.5.3.1}{\376\377\000R\000e\000f\000e\000r\000e\000n\000c\000e\000\040\000F\000r\000a\000m\000e\000s}{section.5.3}% 29
\BOOKMARK [2][-]{subsection.5.3.2}{\376\377\000G\000e\000n\000e\000r\000a\000l\000i\000z\000e\000d\000\040\000C\000o\000o\000r\000d\000i\000n\000a\000t\000e\000s}{section.5.3}% 30
\BOOKMARK [2][-]{subsection.5.3.3}{\376\377\000G\000e\000o\000m\000e\000t\000r\000i\000c\000\040\000P\000a\000r\000a\000m\000e\000t\000e\000r\000s}{section.5.3}% 31
\BOOKMARK [1][-]{section.5.4}{\376\377\000E\000n\000e\000r\000g\000y\000-\000B\000a\000s\000e\000d\000\040\000M\000o\000d\000e\000l\000i\000n\000g}{chapter.5}% 32
\BOOKMARK [2][-]{subsection.5.4.1}{\376\377\000W\000h\000e\000e\000l\000\040\000S\000u\000b\000s\000y\000s\000t\000e\000m}{section.5.4}% 33
\BOOKMARK [3][-]{subsubsection*.6}{\376\377\000P\000o\000s\000i\000t\000i\000o\000n\000\040\000a\000n\000d\000\040\000V\000e\000l\000o\000c\000i\000t\000y}{subsection.5.4.1}% 34
\BOOKMARK [3][-]{subsubsection*.7}{\376\377\000E\000n\000e\000r\000g\000i\000e\000s}{subsection.5.4.1}% 35
\BOOKMARK [2][-]{subsection.5.4.2}{\376\377\000M\000a\000i\000n\000\040\000B\000o\000d\000y\000\040\000S\000u\000b\000s\000y\000s\000t\000e\000m}{section.5.4}% 36
\BOOKMARK [3][-]{subsubsection*.8}{\376\377\000P\000o\000s\000i\000t\000i\000o\000n\000\040\000a\000n\000d\000\040\000V\000e\000l\000o\000c\000i\000t\000y}{subsection.5.4.2}% 37
\BOOKMARK [3][-]{subsubsection*.9}{\376\377\000E\000n\000e\000r\000g\000i\000e\000s}{subsection.5.4.2}% 38
\BOOKMARK [2][-]{subsection.5.4.3}{\376\377\000L\000i\000f\000t\000\040\000S\000u\000b\000s\000y\000s\000t\000e\000m}{section.5.4}% 39
\BOOKMARK [3][-]{subsubsection*.10}{\376\377\000P\000o\000s\000i\000t\000i\000o\000n\000\040\000a\000n\000d\000\040\000V\000e\000l\000o\000c\000i\000t\000y}{subsection.5.4.3}% 40
\BOOKMARK [3][-]{subsubsection*.11}{\376\377\000E\000n\000e\000r\000g\000i\000e\000s}{subsection.5.4.3}% 41
\BOOKMARK [2][-]{subsection.5.4.4}{\376\377\000F\000o\000r\000k\000\040\000M\000o\000t\000o\000r\000\040\000A\000r\000m\000\040\000S\000u\000b\000s\000y\000s\000t\000e\000m}{section.5.4}% 42
\BOOKMARK [3][-]{subsubsection*.12}{\376\377\000P\000o\000s\000i\000t\000i\000o\000n\000\040\000a\000n\000d\000\040\000V\000e\000l\000o\000c\000i\000t\000y}{subsection.5.4.4}% 43
\BOOKMARK [3][-]{subsubsection*.13}{\376\377\000E\000n\000e\000r\000g\000i\000e\000s}{subsection.5.4.4}% 44
\BOOKMARK [2][-]{subsection.5.4.5}{\376\377\000F\000o\000r\000k\000\040\000T\000o\000o\000l\000\040\000S\000u\000b\000s\000y\000s\000t\000e\000m}{section.5.4}% 45
\BOOKMARK [3][-]{subsubsection*.14}{\376\377\000P\000o\000s\000i\000t\000i\000o\000n\000\040\000a\000n\000d\000\040\000V\000e\000l\000o\000c\000i\000t\000y}{subsection.5.4.5}% 46
\BOOKMARK [3][-]{subsubsection*.15}{\376\377\000E\000n\000e\000r\000g\000i\000e\000s}{subsection.5.4.5}% 47
\BOOKMARK [1][-]{section.5.5}{\376\377\000L\000a\000g\000r\000a\000n\000g\000i\000a\000n\000\040\000F\000o\000r\000m\000u\000l\000a\000t\000i\000o\000n}{chapter.5}% 48
\BOOKMARK [2][-]{subsection.5.5.1}{\376\377\000T\000o\000t\000a\000l\000\040\000E\000n\000e\000r\000g\000i\000e\000s}{section.5.5}% 49
\BOOKMARK [2][-]{subsection.5.5.2}{\376\377\000E\000q\000u\000a\000t\000i\000o\000n\000s\000\040\000o\000f\000\040\000M\000o\000t\000i\000o\000n}{section.5.5}% 50
\BOOKMARK [2][-]{subsection.5.5.3}{\376\377\000C\000o\000m\000p\000a\000c\000t\000\040\000M\000a\000t\000r\000i\000x\000\040\000R\000e\000p\000r\000e\000s\000e\000n\000t\000a\000t\000i\000o\000n}{section.5.5}% 51
\BOOKMARK [1][-]{section.5.6}{\376\377\000S\000y\000s\000t\000e\000m\000\040\000S\000i\000m\000p\000l\000i\000f\000i\000c\000a\000t\000i\000o\000n}{chapter.5}% 52
\BOOKMARK [2][-]{subsection.5.6.1}{\376\377\000E\000q\000u\000i\000v\000a\000l\000e\000n\000t\000\040\000M\000a\000s\000s\000\040\000a\000n\000d\000\040\000C\000e\000n\000t\000e\000r\000\040\000o\000f\000\040\000G\000r\000a\000v\000i\000t\000y}{section.5.6}% 53
\BOOKMARK [2][-]{subsection.5.6.2}{\376\377\000E\000q\000u\000i\000v\000a\000l\000e\000n\000t\000\040\000R\000o\000t\000a\000t\000i\000o\000n\000a\000l\000\040\000I\000n\000e\000r\000t\000i\000a}{section.5.6}% 54
\BOOKMARK [2][-]{subsection.5.6.3}{\376\377\000S\000i\000m\000p\000l\000i\000f\000i\000e\000d\000\040\000D\000y\000n\000a\000m\000i\000c\000\040\000M\000o\000d\000e\000l}{section.5.6}% 55
\BOOKMARK [3][-]{subsubsection*.17}{\376\377\000K\000i\000n\000e\000m\000a\000t\000i\000c\000s}{subsection.5.6.3}% 56
\BOOKMARK [3][-]{subsubsection*.18}{\376\377\000E\000n\000e\000r\000g\000y\000\040\000E\000x\000p\000r\000e\000s\000s\000i\000o\000n\000s}{subsection.5.6.3}% 57
\BOOKMARK [3][-]{subsubsection*.19}{\376\377\000E\000q\000u\000a\000t\000i\000o\000n\000s\000\040\000o\000f\000\040\000M\000o\000t\000i\000o\000n}{subsection.5.6.3}% 58
\BOOKMARK [3][-]{subsubsection*.20}{\376\377\000G\000e\000n\000e\000r\000a\000l\000i\000z\000e\000d\000\040\000F\000o\000r\000c\000e\000s}{subsection.5.6.3}% 59
\BOOKMARK [3][-]{subsubsection*.21}{\376\377\000S\000t\000a\000t\000e\000-\000S\000p\000a\000c\000e\000\040\000R\000e\000p\000r\000e\000s\000e\000n\000t\000a\000t\000i\000o\000n}{subsection.5.6.3}% 60
\BOOKMARK [1][-]{section.5.7}{\376\377\000P\000a\000y\000l\000o\000a\000d\000\040\000M\000a\000s\000s\000\040\000a\000n\000d\000\040\000C\000e\000n\000t\000e\000r\000-\000o\000f\000-\000M\000a\000s\000s\000\040\000E\000s\000t\000i\000m\000a\000t\000i\000o\000n}{chapter.5}% 61
\BOOKMARK [2][-]{subsection.5.7.1}{\376\377\000A\000s\000s\000u\000m\000p\000t\000i\000o\000n\000s}{section.5.7}% 62
\BOOKMARK [2][-]{subsection.5.7.2}{\376\377\000A\000v\000a\000i\000l\000a\000b\000l\000e\000\040\000M\000e\000a\000s\000u\000r\000e\000m\000e\000n\000t\000s}{section.5.7}% 63
\BOOKMARK [2][-]{subsection.5.7.3}{\376\377\000E\000s\000t\000i\000m\000a\000t\000i\000o\000n\000\040\000E\000q\000u\000a\000t\000i\000o\000n\000s}{section.5.7}% 64
\BOOKMARK [2][-]{subsection.5.7.4}{\376\377\000E\000s\000t\000i\000m\000a\000t\000i\000o\000n\000\040\000L\000o\000g\000i\000c}{section.5.7}% 65
\BOOKMARK [2][-]{subsection.5.7.5}{\376\377\000I\000m\000p\000l\000e\000m\000e\000n\000t\000a\000t\000i\000o\000n\000\040\000R\000e\000m\000a\000r\000k}{section.5.7}% 66
\BOOKMARK [0][-]{chapter.6}{\376\377\000C\000o\000n\000t\000r\000o\000l}{}% 67
\BOOKMARK [1][-]{section.6.1}{\376\377\000I\000n\000t\000r\000o\000d\000u\000c\000t\000i\000o\000n\000\040\000t\000o\000\040\000N\000o\000n\000l\000i\000n\000e\000a\000r\000\040\000M\000o\000d\000e\000l\000\040\000P\000r\000e\000d\000i\000c\000t\000i\000v\000e\000\040\000C\000o\000n\000t\000r\000o\000l}{chapter.6}% 68
\BOOKMARK [2][-]{subsection.6.1.1}{\376\377\000N\000M\000P\000C\000\040\000P\000r\000o\000b\000l\000e\000m\000\040\000F\000o\000r\000m\000u\000l\000a\000t\000i\000o\000n}{section.6.1}% 69
\BOOKMARK [2][-]{subsection.6.1.2}{\376\377\000M\000u\000l\000t\000i\000p\000l\000e\000\040\000S\000h\000o\000o\000t\000i\000n\000g\000\040\000D\000i\000s\000c\000r\000e\000t\000i\000z\000a\000t\000i\000o\000n}{section.6.1}% 70
\BOOKMARK [1][-]{section.6.2}{\376\377\000T\000h\000e\000\040\000a\000c\000a\000d\000o\000s\000\040\000S\000o\000f\000t\000w\000a\000r\000e\000\040\000F\000r\000a\000m\000e\000w\000o\000r\000k}{chapter.6}% 71
\BOOKMARK [2][-]{subsection.6.2.1}{\376\377\000O\000v\000e\000r\000v\000i\000e\000w\000\040\000o\000f\000\040\000a\000c\000a\000d\000o\000s}{section.6.2}% 72
\BOOKMARK [2][-]{subsection.6.2.2}{\376\377\000S\000e\000q\000u\000e\000n\000t\000i\000a\000l\000\040\000Q\000u\000a\000d\000r\000a\000t\000i\000c\000\040\000P\000r\000o\000g\000r\000a\000m\000m\000i\000n\000g\000\040\000i\000n\000\040\000a\000c\000a\000d\000o\000s}{section.6.2}% 73
\BOOKMARK [3][-]{subsubsection*.22}{\376\377\000S\000t\000a\000n\000d\000a\000r\000d\000\040\000Q\000P\000\040\000S\000u\000b\000p\000r\000o\000b\000l\000e\000m}{subsection.6.2.2}% 74
\BOOKMARK [3][-]{subsubsection*.23}{\376\377\000I\000n\000t\000e\000r\000p\000r\000e\000t\000a\000t\000i\000o\000n\000\040\000o\000f\000\040\000t\000h\000e\000\040\000S\000Q\000P\000\040\000D\000e\000c\000i\000s\000i\000o\000n\000\040\000V\000a\000r\000i\000a\000b\000l\000e\000s\000\040\000a\000n\000d\000\040\000Q\000P\000\040\000C\000o\000m\000p\000o\000n\000e\000n\000t\000s}{subsection.6.2.2}% 75
\BOOKMARK [3][-]{subsubsection*.26}{\376\377\000M\000u\000l\000t\000i\000-\000S\000t\000a\000g\000e\000\040\000S\000Q\000P\000\040\000F\000o\000r\000m\000u\000l\000a\000t\000i\000o\000n}{subsection.6.2.2}% 76
\BOOKMARK [2][-]{subsection.6.2.3}{\376\377\000R\000e\000a\000l\000-\000T\000i\000m\000e\000\040\000I\000t\000e\000r\000a\000t\000i\000o\000n\000\040\000S\000c\000h\000e\000m\000e}{section.6.2}% 77
\BOOKMARK [1][-]{section.6.3}{\376\377\000D\000i\000s\000t\000u\000r\000b\000a\000n\000c\000e\000\040\000O\000b\000s\000e\000r\000v\000e\000r\000s\000\040\000a\000n\000d\000\040\000R\000e\000a\000c\000t\000i\000o\000n\000\040\000F\000o\000r\000c\000e\000\040\000E\000s\000t\000i\000m\000a\000t\000i\000o\000n}{chapter.6}% 78
\BOOKMARK [2][-]{subsection.6.3.1}{\376\377\000F\000o\000r\000k\000\040\000D\000i\000s\000t\000u\000r\000b\000a\000n\000c\000e\000\040\000O\000b\000s\000e\000r\000v\000e\000r\000\040\000\050\000F\000D\000O\000B\000\051}{section.6.3}% 79
\BOOKMARK [2][-]{subsection.6.3.2}{\376\377\000F\000o\000r\000k\000\040\000A\000n\000g\000l\000e\000\040\000C\000o\000n\000t\000r\000o\000l}{section.6.3}% 80
\BOOKMARK [2][-]{subsection.6.3.3}{\376\377\000F\000o\000r\000k\000\040\000R\000e\000a\000c\000t\000i\000o\000n\000\040\000T\000o\000r\000q\000u\000e\000\040\000O\000b\000s\000e\000r\000v\000e\000r\000\040\000\050\000F\000R\000T\000O\000B\000\051}{section.6.3}% 81
\BOOKMARK [2][-]{subsection.6.3.4}{\376\377\000L\000i\000f\000t\000\040\000D\000i\000s\000t\000u\000r\000b\000a\000n\000c\000e\000\040\000O\000b\000s\000e\000r\000v\000e\000r\000\040\000\050\000L\000D\000O\000B\000\051}{section.6.3}% 82
\BOOKMARK [2][-]{subsection.6.3.5}{\376\377\000L\000i\000f\000t\000\040\000D\000i\000s\000p\000l\000a\000c\000e\000m\000e\000n\000t\000\040\000C\000o\000n\000t\000r\000o\000l}{section.6.3}% 83
\BOOKMARK [2][-]{subsection.6.3.6}{\376\377\000L\000i\000f\000t\000\040\000R\000e\000a\000c\000t\000i\000o\000n\000\040\000F\000o\000r\000c\000e\000\040\000O\000b\000s\000e\000r\000v\000e\000r\000\040\000\050\000L\000R\000F\000O\000B\000\051}{section.6.3}% 84
\BOOKMARK [1][-]{section.6.4}{\376\377\000C\000o\000l\000l\000i\000s\000i\000o\000n\000\040\000D\000e\000t\000e\000c\000t\000i\000o\000n\000\040\000M\000e\000c\000h\000a\000n\000i\000s\000m}{chapter.6}% 85
\BOOKMARK [1][-]{section.6.5}{\376\377\000C\000o\000l\000l\000i\000s\000i\000o\000n\000\040}{chapter.6}% 86
\BOOKMARK [2][-]{subsection.6.5.1}{\376\377\000P\000r\000e\000d\000i\000c\000t\000i\000o\000n\000\040\000E\000r\000r\000o\000r\000-\000B\000a\000s\000e\000d\000\040\000C\000o\000l\000l\000i\000s\000i\000o\000n\000\040\000D\000e\000t\000e\000c\000t\000i\000o\000n}{section.6.5}% 87
\BOOKMARK [2][-]{subsection.6.5.2}{\376\377\000S\000t\000a\000t\000e\000\040\000S\000e\000l\000e\000c\000t\000i\000o\000n\000\040\000a\000n\000d\000\040\000T\000h\000r\000e\000s\000h\000o\000l\000d\000i\000n\000g}{section.6.5}% 88
\BOOKMARK [2][-]{subsection.6.5.3}{\376\377\000I\000n\000t\000e\000g\000r\000a\000t\000i\000o\000n\000\040\000w\000i\000t\000h\000\040\000t\000h\000e\000\040\000C\000o\000n\000t\000r\000o\000l\000\040\000A\000r\000c\000h\000i\000t\000e\000c\000t\000u\000r\000e}{section.6.5}% 89
\BOOKMARK [1][-]{section.6.6}{\376\377\000F\000i\000n\000i\000t\000e\000\040\000S\000t\000a\000t\000e\000\040\000M\000a\000c\000h\000i\000n\000e}{chapter.6}% 90
\BOOKMARK [2][-]{subsection.6.6.1}{\376\377\000F\000S\000M\000\040\000I\000n\000p\000u\000t\000s}{section.6.6}% 91
\BOOKMARK [2][-]{subsection.6.6.2}{\376\377\000F\000S\000M\000\040\000S\000t\000a\000t\000e\000s}{section.6.6}% 92
\BOOKMARK [2][-]{subsection.6.6.3}{\376\377\000S\000t\000a\000t\000e\000\040\000T\000r\000a\000n\000s\000i\000t\000i\000o\000n\000s}{section.6.6}% 93
\BOOKMARK [1][-]{section.6.7}{\376\377\000G\000l\000o\000b\000a\000l\000\040\000C\000o\000n\000t\000r\000o\000l\000\040\000S\000t\000r\000a\000t\000e\000g\000y\000\040\000a\000n\000d\000\040\000A\000r\000c\000h\000i\000t\000e\000c\000t\000u\000r\000e}{chapter.6}% 94
\BOOKMARK [0][-]{chapter.7}{\376\377\000S\000i\000m\000u\000l\000a\000t\000i\000o\000n\000\040\000a\000n\000d\000\040\000R\000e\000s\000u\000l\000t\000s}{}% 95
\BOOKMARK [1][-]{section.7.1}{\376\377\000N\000M\000P\000C\000\040\000S\000o\000l\000v\000e\000r\000\040\000C\000o\000n\000f\000i\000g\000u\000r\000a\000t\000i\000o\000n\000\040\000a\000n\000d\000\040\000W\000e\000i\000g\000h\000t\000\040\000S\000e\000l\000e\000c\000t\000i\000o\000n}{chapter.7}% 96
\BOOKMARK [1][-]{section.7.2}{\376\377\000S\000i\000m\000u\000l\000a\000t\000i\000o\000n\000\040\000R\000e\000s\000u\000l\000t\000s}{chapter.7}% 97
\BOOKMARK [0][-]{chapter.8}{\376\377\000D\000i\000s\000c\000u\000s\000s\000i\000o\000n}{}% 98
\BOOKMARK [0][-]{chapter.9}{\376\377\000C\000o\000n\000c\000l\000u\000s\000i\000o\000n\000s}{}% 99
\BOOKMARK [0][-]{chapter.10}{\376\377\000E\000q\000u\000a\000t\000i\000o\000n\000s}{}% 100
\BOOKMARK [1][-]{section.10.1}{\376\377\000V\000i\000s\000u\000a\000l\000i\000z\000e\000\040\000e\000q\000u\000a\000t\000i\000o\000n\000s}{chapter.10}% 101
\BOOKMARK [1][-]{section.10.2}{\376\377\000S\000u\000m\000m\000a\000r\000y\000\040\000o\000f\000\040\000M\000o\000d\000e\000l\000\040\000E\000q\000u\000a\000t\000i\000o\000n\000s}{chapter.10}% 102
\BOOKMARK [1][-]{section.10.3}{\376\377\000S\000i\000m\000p\000l\000i\000f\000i\000e\000d}{chapter.10}% 103
\BOOKMARK [0][-]{chapter*.45}{\376\377\000R\000e\000f\000e\000r\000e\000n\000c\000e\000s}{}% 104
